I2026-06-10 07:05:06.000424[1739.038000ms][1164247|1164247]new populate all review lists Begin
I2026-06-10 07:05:06.000425[1739.092000ms][1164247|1164247]populate review list
I2026-06-10 07:05:06.000425[1739.097000ms][1164247|1164247]new populate review list Begin
I2026-06-10 07:05:06.000425[1739.104000ms][1164247|1164247]reviewObj List Size [0], The Number of Updated Items [0].
I2026-06-10 07:05:06.000425[1739.109000ms][1164247|1164247]populate signature group list view Begin
I2026-06-10 07:05:06.000425[1739.121000ms][1164247|1164247]populate signature group list view End,0.010000ms used.
I2026-06-10 07:05:06.000425[1739.126000ms][1164247|1164247]new populate review list End,0.029000ms used.
I2026-06-10 07:05:06.000425[1739.128000ms][1164247|1164247]new populate review list Begin
I2026-06-10 07:05:06.000425[1739.133000ms][1164247|1164247]reviewObj List Size [0], The Number of Updated Items [0].
I2026-06-10 07:05:06.000425[1739.135000ms][1164247|1164247]populate signature group list view Begin
I2026-06-10 07:05:06.000425[1739.139000ms][1164247|1164247]populate signature group list view End,0.003000ms used.
I2026-06-10 07:05:06.000425[1739.143000ms][1164247|1164247]new populate review list End,0.014000ms used.
I2026-06-10 07:05:06.000425[1739.149000ms][1164247|1164247]populate unmap list
I2026-06-10 07:05:06.000425[1739.151000ms][1164247|1164247]new populate review list Begin
I2026-06-10 07:05:06.000425[1739.165000ms][1164247|1164247]reviewObj List Size [0], The Number of Updated Items [0].
I2026-06-10 07:05:06.000425[1739.168000ms][1164247|1164247]populate signature group list view Begin
I2026-06-10 07:05:06.000425[1739.171000ms][1164247|1164247]populate signature group list view End,0.003000ms used.
I2026-06-10 07:05:06.000425[1739.174000ms][1164247|1164247]new populate review list End,0.023000ms used.
I2026-06-10 07:05:06.000425[1739.181000ms][1164247|1164247]populate exclusions list
I2026-06-10 07:05:06.000425[1739.187000ms][1164247|1164247]new populate review list Begin
I2026-06-10 07:05:06.000425[1739.198000ms][1164247|1164247]reviewObj List Size [0], The Number of Updated Items [0].
I2026-06-10 07:05:06.000425[1739.203000ms][1164247|1164247]populate signature group list view Begin
I2026-06-10 07:05:06.000425[1739.209000ms][1164247|1164247]populate signature group list view End,0.005000ms used.
I2026-06-10 07:05:06.000425[1739.216000ms][1164247|1164247]new populate review list End,0.029000ms used.
I2026-06-10 07:05:06.000425[1739.222000ms][1164247|1164247]populate cg unmap list
I2026-06-10 07:05:06.000425[1739.229000ms][1164247|1164247]new populate review list Begin
I2026-06-10 07:05:06.000425[1739.237000ms][1164247|1164247]reviewObj List Size [0], The Number of Updated Items [0].
I2026-06-10 07:05:06.000425[1739.239000ms][1164247|1164247]populate signature group list view Begin
I2026-06-10 07:05:06.000425[1739.242000ms][1164247|1164247]populate signature group list view End,0.002000ms used.
I2026-06-10 07:05:06.000425[1739.254000ms][1164247|1164247]new populate review list End,0.024000ms used.
I2026-06-10 07:05:06.000425[1739.257000ms][1164247|1164247]populate cg list
I2026-06-10 07:05:06.000425[1739.284000ms][1164247|1164247]new populate all review lists End,0.279000ms used.
I2026-06-10 07:05:06.000446[1760.948000ms][1164247|1164247]new populate all review lists Begin
I2026-06-10 07:05:06.000446[1760.991000ms][1164247|1164247]populate review list
I2026-06-10 07:05:06.000446[1760.996000ms][1164247|1164247]new populate review list Begin
I2026-06-10 07:05:06.000446[1761.001000ms][1164247|1164247]reviewObj List Size [0], The Number of Updated Items [0].
I2026-06-10 07:05:06.000446[1761.005000ms][1164247|1164247]populate signature group list view Begin
I2026-06-10 07:05:06.000446[1761.019000ms][1164247|1164247]populate signature group list view End,0.012000ms used.
I2026-06-10 07:05:06.000446[1761.024000ms][1164247|1164247]new populate review list End,0.027000ms used.
I2026-06-10 07:05:06.000446[1761.027000ms][1164247|1164247]new populate review list Begin
I2026-06-10 07:05:06.000446[1761.035000ms][1164247|1164247]reviewObj List Size [0], The Number of Updated Items [0].
I2026-06-10 07:05:06.000447[1761.044000ms][1164247|1164247]populate signature group list view Begin
I2026-06-10 07:05:06.000447[1761.055000ms][1164247|1164247]populate signature group list view End,0.010000ms used.
I2026-06-10 07:05:06.000447[1761.061000ms][1164247|1164247]new populate review list End,0.033000ms used.
I2026-06-10 07:05:06.000447[1761.066000ms][1164247|1164247]populate unmap list
I2026-06-10 07:05:06.000447[1761.068000ms][1164247|1164247]new populate review list Begin
I2026-06-10 07:05:06.000447[1761.076000ms][1164247|1164247]reviewObj List Size [0], The Number of Updated Items [0].
I2026-06-10 07:05:06.000447[1761.079000ms][1164247|1164247]populate signature group list view Begin
I2026-06-10 07:05:06.000447[1761.085000ms][1164247|1164247]populate signature group list view End,0.006000ms used.
I2026-06-10 07:05:06.000447[1761.090000ms][1164247|1164247]new populate review list End,0.021000ms used.
I2026-06-10 07:05:06.000447[1761.092000ms][1164247|1164247]populate exclusions list
I2026-06-10 07:05:06.000447[1761.095000ms][1164247|1164247]new populate review list Begin
I2026-06-10 07:05:06.000447[1761.098000ms][1164247|1164247]reviewObj List Size [0], The Number of Updated Items [0].
I2026-06-10 07:05:06.000447[1761.100000ms][1164247|1164247]populate signature group list view Begin
I2026-06-10 07:05:06.000447[1761.107000ms][1164247|1164247]populate signature group list view End,0.005000ms used.
I2026-06-10 07:05:06.000447[1761.112000ms][1164247|1164247]new populate review list End,0.017000ms used.
I2026-06-10 07:05:06.000447[1761.120000ms][1164247|1164247]populate cg unmap list
I2026-06-10 07:05:06.000447[1761.128000ms][1164247|1164247]new populate review list Begin
I2026-06-10 07:05:06.000447[1761.132000ms][1164247|1164247]reviewObj List Size [0], The Number of Updated Items [0].
I2026-06-10 07:05:06.000447[1761.135000ms][1164247|1164247]populate signature group list view Begin
I2026-06-10 07:05:06.000447[1761.137000ms][1164247|1164247]populate signature group list view End,0.002000ms used.
I2026-06-10 07:05:06.000447[1761.139000ms][1164247|1164247]new populate review list End,0.011000ms used.
I2026-06-10 07:05:06.000447[1761.142000ms][1164247|1164247]populate cg list
I2026-06-10 07:05:06.000447[1761.161000ms][1164247|1164247]new populate all review lists End,0.223000ms used.
I2026-06-10 07:05:07.000218[2532.857000ms][1164247|1164247]new populate all review lists Begin
I2026-06-10 07:05:07.000218[2532.902000ms][1164247|1164247]populate review list
I2026-06-10 07:05:07.000218[2532.909000ms][1164247|1164247]new populate review list Begin
I2026-06-10 07:05:07.000218[2532.915000ms][1164247|1164247]reviewObj List Size [0], The Number of Updated Items [0].
I2026-06-10 07:05:07.000218[2532.922000ms][1164247|1164247]populate signature group list view Begin
I2026-06-10 07:05:07.000218[2532.926000ms][1164247|1164247]populate signature group list view End,0.003000ms used.
I2026-06-10 07:05:07.000218[2532.940000ms][1164247|1164247]new populate review list End,0.030000ms used.
I2026-06-10 07:05:07.000218[2532.943000ms][1164247|1164247]new populate review list Begin
I2026-06-10 07:05:07.000218[2532.948000ms][1164247|1164247]reviewObj List Size [0], The Number of Updated Items [0].
I2026-06-10 07:05:07.000218[2532.959000ms][1164247|1164247]populate signature group list view Begin
I2026-06-10 07:05:07.000218[2532.963000ms][1164247|1164247]populate signature group list view End,0.012000ms used.
I2026-06-10 07:05:07.000218[2532.967000ms][1164247|1164247]new populate review list End,0.022000ms used.
I2026-06-10 07:05:07.000218[2532.984000ms][1164247|1164247]populate unmap list
I2026-06-10 07:05:07.000218[2532.988000ms][1164247|1164247]new populate review list Begin
I2026-06-10 07:05:07.000218[2532.991000ms][1164247|1164247]reviewObj List Size [0], The Number of Updated Items [0].
I2026-06-10 07:05:07.000218[2532.997000ms][1164247|1164247]populate signature group list view Begin
I2026-06-10 07:05:07.000218[2533.022000ms][1164247|1164247]populate signature group list view End,0.027000ms used.
