version: (200506)

available memory: 64M bytes
used memory: 81920 bytes [need 80K bytes if disable swap]

used block: 3 [memory(3) file(0)]
                 [ 8K(2) 64K(1) { total 80K bytes } ]
overhead: (9514) bytes for (3) blocks [Average: (3171) bytes/block]

write  => 0(times) 0K(bytes) [0K bytes to file]
read   => 1(times) 9K(bytes) [2K bytes compressed data from file]
access => 59431(times) 468M(bytes)
          [hit ratio: 99.9983%]

time: write(0) read(0)  unit: second

swap file directory: (/home/pedu21/Workspace/20260604_adder/verdiLog)
used swap file number: (1)



swap file manager:
arrSize: (256)
idxCnt: (3)
closeHead: (1)
closeTail: (2)
openCnt: (2)
fid(2): fd(22) fileName(/home/pedu21/Workspace/20260604_adder/verdiLog/_swap_0001#478980509#2898309)
	size(0) lastModTime(0) curModTime(1780554193)
	mode(w+b)	hot(0) cool(1) pos(0)
fid(1): fd(1073741824) fileName(/home/pedu21/Workspace/20260604_adder/simv.daidir/kdb.elab++/work.lib++/tb_adder.sv.tdc)
	size(3229) lastModTime(1780553914) curModTime(1780553914)
	mode(rb)	hot(2) cool(0) pos(0)
fid(0): fd(0) fileName(NULL)
	mode(NULL)	hot(0) cool(0) pos(0)
==================================================
mySelf(0x20388a40) pre(0x208f7ea0) next((nil))
version(200506)
date(Mar  1 2025 20:26:47)
